<?xml version="1.0" encoding="UTF-8"?>
<!-- Generated by org.testng.reporters.JUnitReportReporter -->
<testsuite hostname="LAPTOP-ASCRCERK" failures="0" tests="5" name="testcases.CreatOpportunitiestest" time="33.050" errors="0" timestamp="2025-06-03T20:49:03 CDT" skipped="0">
  <testcase classname="testcases.CreatOpportunitiestest" name="opportunitiesDropdown15" time="6.212"/>
  <testcase classname="testcases.CreatOpportunitiestest" name="createNewOpty16" time="7.940"/>
  <testcase classname="testcases.CreatOpportunitiestest" name="oppoPipeLineReport17" time="6.576"/>
  <testcase classname="testcases.CreatOpportunitiestest" name="stuckOpportunitiesReport18" time="5.815"/>
  <testcase classname="testcases.CreatOpportunitiestest" name="quaterlySummaryReport19" time="6.507"/>
</testsuite> <!-- testcases.CreatOpportunitiestest -->
