<?xml version="1.0" encoding="UTF-8"?>
<!-- Generated by org.testng.reporters.JUnitReportReporter -->
<testsuite hostname="LAPTOP-ASCRCERK" failures="0" tests="8" name="testcases.Contactstest" time="61.615" errors="0" timestamp="2025-06-04T09:47:50 CDT" skipped="0">
  <testcase classname="testcases.Contactstest" name="checkMyContacts28" time="8.747"/>
  <testcase classname="testcases.Contactstest" name="createNewContact25" time="7.839"/>
  <testcase classname="testcases.Contactstest" name="createNewViewContactPage26" time="7.774"/>
  <testcase classname="testcases.Contactstest" name="createdContactIsInTheContactpage27" time="8.419"/>
  <testcase classname="testcases.Contactstest" name="viewAContact29" time="6.547"/>
  <testcase classname="testcases.Contactstest" name="viewAContact30" time="5.632"/>
  <testcase classname="testcases.Contactstest" name="saveAndNewButton32" time="10.158"/>
  <testcase classname="testcases.Contactstest" name="cancelButtonInCreateNewView31" time="6.499"/>
</testsuite> <!-- testcases.Contactstest -->
