<?xml version="1.0" encoding="UTF-8"?>
<!-- Generated by org.testng.reporters.JUnitReportReporter -->
<testsuite hostname="LAPTOP-ASCRCERK" failures="0" tests="5" name="testcases.RandomScenariostest" time="44.852" errors="0" timestamp="2025-06-01T23:25:53 CDT" skipped="0">
  <testcase classname="testcases.RandomScenariostest" name="verifyFirstNameLastName33" time="6.876"/>
  <testcase classname="testcases.RandomScenariostest" name="verifyEditedLastNames34" time="9.219"/>
  <testcase classname="testcases.RandomScenariostest" name="verifyTabCustomization35" time="9.939"/>
  <testcase classname="testcases.RandomScenariostest" name="blockingAnEventInTheCalender36" time="8.959"/>
  <testcase classname="testcases.RandomScenariostest" name="blockingAnEventWeeklyRecurrance37" time="9.859"/>
</testsuite> <!-- testcases.RandomScenariostest -->
