<?xml version="1.0" encoding="UTF-8"?>
<!-- Generated by org.testng.reporters.JUnitReportReporter -->
<testsuite hostname="LAPTOP-ASCRCERK" failures="0" tests="5" name="testcases.Leadstest" time="33.273" errors="0" timestamp="2025-06-04T06:11:52 CDT" skipped="0">
  <testcase classname="testcases.Leadstest" name="leadsTab20" time="6.688"/>
  <testcase classname="testcases.Leadstest" name="leadsSelectView21" time="5.302"/>
  <testcase classname="testcases.Leadstest" name="defaultView22" time="8.995"/>
  <testcase classname="testcases.Leadstest" name="todaysLeads23" time="5.584"/>
  <testcase classname="testcases.Leadstest" name="checkNewButton24" time="6.704"/>
</testsuite> <!-- testcases.Leadstest -->
