<?xml version="1.0" encoding="UTF-8"?>
<!-- Generated by org.testng.reporters.JUnitReportReporter -->
<testsuite hostname="LAPTOP-ASCRCERK" failures="0" tests="6" name="testcases.UsermenuDropdowntest" time="41.207" errors="0" timestamp="2025-06-04T06:39:31 CDT" skipped="1">
  <testcase classname="testcases.UsermenuDropdowntest" name="selectUsermenuDropdownTC5" time="6.249"/>
  <testcase classname="testcases.UsermenuDropdowntest" name="myProfileTC6" time="13.541"/>
  <testcase classname="testcases.UsermenuDropdowntest" name="mySettingsOption7" time="9.876"/>
  <testcase classname="testcases.UsermenuDropdowntest" name="developerConsole8" time="6.019"/>
  <testcase classname="testcases.UsermenuDropdowntest" name="logoutOption9" time="5.522"/>
  <testcase classname="testcases.UsermenuDropdowntest" name="addProfilePic">
    <skipped/>
  </testcase> <!-- addProfilePic -->
</testsuite> <!-- testcases.UsermenuDropdowntest -->
