<?xml version="1.0" encoding="UTF-8"?>
<!-- Generated by org.testng.reporters.JUnitReportReporter -->
<testsuite hostname="LAPTOP-ASCRCERK" failures="0" tests="5" name="testcases.UsermenuDropdowntest" time="36.037" errors="0" timestamp="2025-05-30T00:38:50 CDT" skipped="0">
  <testcase classname="testcases.UsermenuDropdowntest" name="selectUsermenuDropdownTC5" time="5.495"/>
  <testcase classname="testcases.UsermenuDropdowntest" name="myProfileTC6" time="7.948"/>
  <testcase classname="testcases.UsermenuDropdowntest" name="mySettingsOption7" time="9.986"/>
  <testcase classname="testcases.UsermenuDropdowntest" name="developerConsole8" time="6.199"/>
  <testcase classname="testcases.UsermenuDropdowntest" name="logoutOption9" time="6.409"/>
</testsuite> <!-- testcases.UsermenuDropdowntest -->
