<?xml version="1.0" encoding="UTF-8"?>
<!-- Generated by org.testng.reporters.JUnitReportReporter -->
<testsuite hostname="LAPTOP-ASCRCERK" failures="0" tests="5" name="testcases.Logintest" time="18.036" errors="0" timestamp="2025-05-30T00:38:50 CDT" skipped="0">
  <testcase classname="testcases.Logintest" name="loginwithValidusernameandInvalidpassword1" time="2.331"/>
  <testcase classname="testcases.Logintest" name="logwithvalidusernameandpassword2" time="4.863"/>
  <testcase classname="testcases.Logintest" name="checkRememberMe3" time="6.012"/>
  <testcase classname="testcases.Logintest" name="forgotpswd4a" time="2.417"/>
  <testcase classname="testcases.Logintest" name="forgotpswd4b" time="2.413"/>
</testsuite> <!-- testcases.Logintest -->
