<?xml version="1.0" encoding="UTF-8"?>
<!-- Generated by org.testng.reporters.JUnitReportReporter -->
<testsuite hostname="LAPTOP-ASCRCERK" failures="0" tests="5" name="testcases.CreatOpportunitiestest" time="31.134" errors="0" timestamp="2025-06-01T23:25:53 CDT" skipped="0">
  <testcase classname="testcases.CreatOpportunitiestest" name="opportunitiesDropdown15" time="5.524"/>
  <testcase classname="testcases.CreatOpportunitiestest" name="createNewOpty16" time="8.169"/>
  <testcase classname="testcases.CreatOpportunitiestest" name="oppoPipeLineReport17" time="5.643"/>
  <testcase classname="testcases.CreatOpportunitiestest" name="stuckOpportunitiesReport18" time="6.506"/>
  <testcase classname="testcases.CreatOpportunitiestest" name="quaterlySummaryReport19" time="5.292"/>
</testsuite> <!-- testcases.CreatOpportunitiestest -->
