<?xml version="1.0" encoding="UTF-8"?>
<!-- Generated by org.testng.reporters.JUnitReportReporter -->
<testsuite hostname="LAPTOP-ASCRCERK" failures="0" tests="5" name="testcases.CreateAccounttest" time="31.234" errors="0" timestamp="2025-05-30T00:38:50 CDT" skipped="1">
  <testcase classname="testcases.CreateAccounttest" name="createAccount10" time="8.415"/>
  <testcase classname="testcases.CreateAccounttest" name="createNewView11" time="6.402"/>
  <testcase classname="testcases.CreateAccounttest" name="editView12" time="7.872"/>
  <testcase classname="testcases.CreateAccounttest" name="mergeAccount13" time="8.545"/>
  <testcase classname="testcases.CreateAccounttest" name="createAccountReport14">
    <skipped/>
  </testcase> <!-- createAccountReport14 -->
</testsuite> <!-- testcases.CreateAccounttest -->
