<?xml version="1.0" encoding="UTF-8"?>
<!-- Generated by org.testng.reporters.JUnitReportReporter -->
<testsuite hostname="LAPTOP-ASCRCERK" failures="0" tests="1" name="testcases.CreatOpportunitiestest" time="7.002" errors="0" timestamp="2025-05-30T07:01:33 CDT" skipped="0">
  <testcase classname="testcases.CreatOpportunitiestest" name="oppoPipeLineReport17" time="7.002"/>
</testsuite> <!-- testcases.CreatOpportunitiestest -->
