<?xml version="1.0" encoding="UTF-8"?>
<!-- Generated by org.testng.reporters.JUnitReportReporter -->
<testsuite hostname="LAPTOP-ASCRCERK" failures="0" tests="1" name="testcases.Hometest" time="2.094" errors="0" timestamp="2025-05-23T19:58:14 CDT" skipped="0">
  <testcase classname="testcases.Hometest" name="loginwithvalidUsernamePassword" time="2.094"/>
</testsuite> <!-- testcases.Hometest -->
