<?xml version="1.0" encoding="UTF-8"?>
<!-- Generated by org.testng.reporters.JUnitReportReporter -->
<testsuite hostname="LAPTOP-ASCRCERK" failures="0" tests="5" name="testcases.Logintest" time="17.176" errors="0" timestamp="2025-06-01T23:25:53 CDT" skipped="0">
  <testcase classname="testcases.Logintest" name="loginwithValidusernameandInvalidpassword1" time="2.278"/>
  <testcase classname="testcases.Logintest" name="logwithvalidusernameandpassword2" time="4.674"/>
  <testcase classname="testcases.Logintest" name="checkRememberMe3" time="5.256"/>
  <testcase classname="testcases.Logintest" name="forgotpswd4a" time="3.038"/>
  <testcase classname="testcases.Logintest" name="forgotpswd4b" time="1.930"/>
</testsuite> <!-- testcases.Logintest -->
