<?xml version="1.0" encoding="UTF-8"?>
<!-- Generated by org.testng.reporters.JUnitReportReporter -->
<testsuite hostname="LAPTOP-ASCRCERK" failures="0" tests="1" name="testcases.Leadstest" time="7.953" errors="0" timestamp="2025-05-30T06:44:10 CDT" skipped="0">
  <testcase classname="testcases.Leadstest" name="checkNewButton24" time="7.953"/>
</testsuite> <!-- testcases.Leadstest -->
