<?xml version="1.0" encoding="UTF-8"?>
<!-- Generated by org.testng.reporters.JUnitReportReporter -->
<testsuite hostname="LAPTOP-ASCRCERK" failures="0" tests="1" name="com.training.testng.Myfirsttest" time="2.208" errors="0" timestamp="2025-05-20T12:22:55 CDT" skipped="0">
  <testcase classname="com.training.testng.Myfirsttest" name="login" time="2.208"/>
</testsuite> <!-- com.training.testng.Myfirsttest -->
