<?xml version="1.0" encoding="UTF-8"?>
<!-- Generated by org.testng.reporters.JUnitReportReporter -->
<testsuite hostname="LAPTOP-ASCRCERK" failures="0" tests="1" name="testcases.Contactstest" time="7.429" errors="0" timestamp="2025-05-30T06:55:49 CDT" skipped="0">
  <testcase classname="testcases.Contactstest" name="checkMyContacts28" time="7.429"/>
</testsuite> <!-- testcases.Contactstest -->
