<?xml version="1.0" encoding="UTF-8"?>
<!-- Generated by org.testng.reporters.JUnitReportReporter -->
<testsuite hostname="LAPTOP-ASCRCERK" failures="0" tests="5" name="testcases.CreateAccounttest" time="44.011" errors="0" timestamp="2025-06-04T06:17:25 CDT" skipped="0">
  <testcase classname="testcases.CreateAccounttest" name="createAccount10" time="9.988"/>
  <testcase classname="testcases.CreateAccounttest" name="createNewView11" time="6.608"/>
  <testcase classname="testcases.CreateAccounttest" name="editView12" time="7.720"/>
  <testcase classname="testcases.CreateAccounttest" name="mergeAccount13" time="9.427"/>
  <testcase classname="testcases.CreateAccounttest" name="createAccountReport14" time="10.268"/>
</testsuite> <!-- testcases.CreateAccounttest -->
