<?xml version="1.0" encoding="UTF-8"?>
<!-- Generated by org.testng.reporters.JUnitReportReporter -->
<testsuite hostname="LAPTOP-ASCRCERK" failures="0" tests="5" name="testcases.CreatOpportunitiestest" time="30.221" errors="0" timestamp="2025-05-30T07:06:44 CDT" skipped="0">
  <testcase classname="testcases.CreatOpportunitiestest" name="opportunitiesDropdown15" time="5.224"/>
  <testcase classname="testcases.CreatOpportunitiestest" name="createNewOpty16" time="8.178"/>
  <testcase classname="testcases.CreatOpportunitiestest" name="oppoPipeLineReport17" time="5.699"/>
  <testcase classname="testcases.CreatOpportunitiestest" name="stuckOpportunitiesReport18" time="6.115"/>
  <testcase classname="testcases.CreatOpportunitiestest" name="quaterlySummaryReport19" time="5.005"/>
</testsuite> <!-- testcases.CreatOpportunitiestest -->
