<?xml version="1.0" encoding="UTF-8"?>
<!-- Generated by org.testng.reporters.JUnitReportReporter -->
<testsuite hostname="LAPTOP-ASCRCERK" failures="0" tests="5" name="testcases.Leadstest" time="30.140" errors="0" timestamp="2025-05-30T07:06:44 CDT" skipped="0">
  <testcase classname="testcases.Leadstest" name="leadsTab20" time="4.235"/>
  <testcase classname="testcases.Leadstest" name="leadsSelectView21" time="5.169"/>
  <testcase classname="testcases.Leadstest" name="defaultView22" time="7.697"/>
  <testcase classname="testcases.Leadstest" name="todaysLeads23" time="6.276"/>
  <testcase classname="testcases.Leadstest" name="checkNewButton24" time="6.763"/>
</testsuite> <!-- testcases.Leadstest -->
