<?xml version="1.0" encoding="UTF-8"?>
<!-- Generated by org.testng.reporters.JUnitReportReporter -->
<testsuite hostname="LAPTOP-ASCRCERK" failures="0" tests="5" name="testcases.UsermenuDropdowntest" time="35.425" errors="0" timestamp="2025-05-30T07:06:44 CDT" skipped="0">
  <testcase classname="testcases.UsermenuDropdowntest" name="selectUsermenuDropdownTC5" time="4.883"/>
  <testcase classname="testcases.UsermenuDropdowntest" name="myProfileTC6" time="8.294"/>
  <testcase classname="testcases.UsermenuDropdowntest" name="mySettingsOption7" time="10.657"/>
  <testcase classname="testcases.UsermenuDropdowntest" name="developerConsole8" time="5.384"/>
  <testcase classname="testcases.UsermenuDropdowntest" name="logoutOption9" time="6.207"/>
</testsuite> <!-- testcases.UsermenuDropdowntest -->
