<?xml version="1.0" encoding="UTF-8"?>
<!-- Generated by org.testng.reporters.JUnitReportReporter -->
<testsuite hostname="LAPTOP-ASCRCERK" failures="0" tests="5" name="testcases.Logintest" time="17.487" errors="0" timestamp="2025-05-30T07:06:44 CDT" skipped="0">
  <testcase classname="testcases.Logintest" name="loginwithValidusernameandInvalidpassword1" time="2.369"/>
  <testcase classname="testcases.Logintest" name="logwithvalidusernameandpassword2" time="4.549"/>
  <testcase classname="testcases.Logintest" name="checkRememberMe3" time="5.810"/>
  <testcase classname="testcases.Logintest" name="forgotpswd4a" time="2.889"/>
  <testcase classname="testcases.Logintest" name="forgotpswd4b" time="1.870"/>
</testsuite> <!-- testcases.Logintest -->
